[2017-01-15 14:35:03] START
[2017-01-15 14:35:26] EDIT SistemaDesechos/models/db.py: 13
[2017-01-15 16:10:54] EDIT SistemaDesechos/models/db.py: 7
[2017-01-15 16:10:56] EDIT SistemaDesechos/models/db.py: 0
[2017-01-15 16:10:57] EDIT SistemaDesechos/models/db.py: 0
[2017-01-15 16:11:27] EDIT SistemaDesechos/models/db.py: 0
[2017-01-15 16:11:31] EDIT SistemaDesechos/models/db.py: 0
[2017-01-15 16:11:42] EDIT SistemaDesechos/models/db.py: 0
[2017-01-15 16:12:58] EDIT SistemaDesechos/models/db.py: 1
[2017-01-15 16:13:42] EDIT SistemaDesechos/models/db.py: 0
[2017-01-15 16:14:34] EDIT SistemaDesechos/models/db.py: -1
[2017-01-15 16:14:44] EDIT SistemaDesechos/models/db.py: 1
[2017-01-15 16:14:52] EDIT SistemaDesechos/models/db.py: 0
[2017-01-15 16:14:59] EDIT SistemaDesechos/models/db.py: -1
[2017-01-15 16:15:09] EDIT SistemaDesechos/models/db.py: -1
[2017-01-15 16:15:35] EDIT SistemaDesechos/models/db.py: 0
[2017-01-15 17:05:52] EDIT SistemaDesechos/models/db.py: 0
[2017-01-15 17:06:21] EDIT SistemaDesechos/models/db.py: 0
[2017-01-15 17:08:06] EDIT SistemaDesechos/models/db.py: 0
[2017-01-15 17:09:53] EDIT SistemaDesechos/models/db.py: 0
[2017-01-15 17:12:03] EDIT SistemaDesechos/models/db.py: 1
[2017-01-15 17:13:20] EDIT SistemaDesechos/models/db.py: 0
[2017-01-15 17:13:49] EDIT SistemaDesechos/models/db.py: 0
[2017-01-15 17:13:58] EDIT SistemaDesechos/models/db.py: -1
[2017-01-15 17:14:36] EDIT SistemaDesechos/models/db.py: 0
[2017-01-15 17:15:55] EDIT SistemaDesechos/models/db.py: -1
[2017-01-15 17:47:27] EDIT SistemaDesechos/models/db.py: -7
[2017-01-15 17:47:34] EDIT SistemaDesechos/models/db.py: 7
[2017-01-15 17:48:01] EDIT SistemaDesechos/models/db.py: -4
[2017-01-15 17:48:17] EDIT SistemaDesechos/models/db.py: -2
[2017-01-15 17:48:36] EDIT SistemaDesechos/models/db.py: 0
[2017-01-15 17:48:37] EDIT SistemaDesechos/models/db.py: 0
[2017-01-15 17:48:38] EDIT SistemaDesechos/models/db.py: 0
[2017-01-15 17:48:43] EDIT SistemaDesechos/models/db.py: -4
[2017-01-15 17:48:44] EDIT SistemaDesechos/models/db.py: 0
[2017-01-15 18:08:04] EDIT SistemaDesechos/models/db.py: 7
[2017-01-15 18:08:23] EDIT SistemaDesechos/models/db.py: 0
[2017-01-15 18:08:46] EDIT SistemaDesechos/models/db.py: -3
[2017-01-15 18:09:33] EDIT SistemaDesechos/models/db.py: -1
[2017-01-15 18:09:55] EDIT SistemaDesechos/models/db.py: 0
[2017-01-15 18:11:17] EDIT SistemaDesechos/models/db.py: 0
[2017-01-15 18:11:30] EDIT SistemaDesechos/models/db.py: 0
[2017-01-15 18:11:53] EDIT SistemaDesechos/models/db.py: 0
[2017-01-15 18:12:43] EDIT SistemaDesechos/models/db.py: 1
[2017-01-15 18:12:46] EDIT SistemaDesechos/models/db.py: 0
[2017-01-15 18:12:48] EDIT SistemaDesechos/models/db.py: 0
[2017-01-15 18:13:34] EDIT SistemaDesechos/models/db.py: -1
[2017-01-15 18:13:45] EDIT SistemaDesechos/models/db.py: 1
[2017-01-15 18:13:50] EDIT SistemaDesechos/models/db.py: -1
[2017-01-15 18:14:18] EDIT SistemaDesechos/models/db.py: 0
[2017-01-15 18:14:28] EDIT SistemaDesechos/models/db.py: 0
[2017-01-15 18:15:13] EDIT SistemaDesechos/models/db.py: 2
[2017-01-15 18:17:18] EDIT SistemaDesechos/models/db.py: 4
[2017-01-15 18:17:22] EDIT SistemaDesechos/models/db.py: -5
[2017-01-15 18:17:24] EDIT SistemaDesechos/models/db.py: 0
[2017-01-15 18:17:32] EDIT SistemaDesechos/models/db.py: 0
[2017-01-15 18:22:28] EDIT SistemaDesechos/models/db.py: -1
[2017-01-15 18:23:03] EDIT SistemaDesechos/models/db.py: 0
[2017-01-15 18:23:38] EDIT SistemaDesechos/models/db.py: -1
[2017-01-15 18:24:04] EDIT SistemaDesechos/models/db.py: 0
[2017-01-15 18:24:34] EDIT SistemaDesechos/models/db.py: 1
[2017-01-15 18:26:01] EDIT SistemaDesechos/models/db.py: 7
[2017-01-15 18:26:48] EDIT SistemaDesechos/models/db.py: 0
[2017-01-15 18:26:57] EDIT SistemaDesechos/models/db.py: 0
[2017-01-15 18:27:43] EDIT SistemaDesechos/models/db.py: 1
[2017-01-15 18:27:46] EDIT SistemaDesechos/models/db.py: 0
[2017-01-15 18:27:53] EDIT SistemaDesechos/models/db.py: 0
[2017-01-15 18:32:18] EDIT SistemaDesechos/models/db.py: 3
[2017-01-15 18:33:29] EDIT SistemaDesechos/models/db.py: 3
[2017-01-15 18:33:47] EDIT SistemaDesechos/models/db.py: -3
[2017-01-15 18:34:31] EDIT SistemaDesechos/models/db.py: -3
[2017-01-15 18:35:35] EDIT SistemaDesechos/models/db.py: 3
[2017-01-15 18:36:06] EDIT SistemaDesechos/models/db.py: -1
[2017-01-15 18:36:25] EDIT SistemaDesechos/models/db.py: -2
[2017-01-15 18:36:52] EDIT SistemaDesechos/models/db.py: 4
[2017-01-15 18:37:01] EDIT SistemaDesechos/models/db.py: -1
[2017-01-15 18:37:05] EDIT SistemaDesechos/models/db.py: 0
[2017-01-15 18:37:15] EDIT SistemaDesechos/models/db.py: 0
[2017-01-15 18:37:21] EDIT SistemaDesechos/models/db.py: 0
[2017-01-15 18:37:51] EDIT SistemaDesechos/models/db.py: 0
[2017-01-15 18:37:57] EDIT SistemaDesechos/models/db.py: 0
[2017-01-15 18:38:15] EDIT SistemaDesechos/models/db.py: 0
[2017-01-15 18:38:54] EDIT SistemaDesechos/models/db.py: 0
[2017-01-15 22:13:38] EDIT SistemaDesechos/models/db.py: -19
[2017-01-15 22:13:51] EDIT SistemaDesechos/models/db.py: 1
[2017-01-15 22:13:57] EDIT SistemaDesechos/models/db.py: 0
[2017-01-15 22:14:29] EDIT SistemaDesechos/models/db.py: 0
[2017-01-15 22:15:57] EDIT SistemaDesechos/models/db.py: 7
[2017-01-15 22:16:16] EDIT SistemaDesechos/models/db.py: 0
[2017-01-15 22:16:18] EDIT SistemaDesechos/models/db.py: 0
[2017-01-15 22:17:14] EDIT SistemaDesechos/models/db.py: 1
[2017-01-15 22:18:10] EDIT SistemaDesechos/models/db.py: 0
[2017-01-15 22:18:10] EDIT SistemaDesechos/models/db.py: 0
[2017-01-15 22:18:19] EDIT SistemaDesechos/models/db.py: 0
[2017-01-15 22:18:35] EDIT SistemaDesechos/models/db.py: -1
[2017-01-15 22:18:57] EDIT SistemaDesechos/models/db.py: 1
[2017-01-15 22:19:06] EDIT SistemaDesechos/models/db.py: -1
[2017-01-15 22:20:11] EDIT SistemaDesechos/models/db.py: 0
[2017-01-15 22:20:54] EDIT SistemaDesechos/models/db.py: 0
[2017-01-15 22:21:30] EDIT SistemaDesechos/models/db.py: -1
[2017-01-15 22:22:05] EDIT SistemaDesechos/models/db.py: 1
[2017-01-15 22:22:10] EDIT SistemaDesechos/models/db.py: 0
[2017-01-15 22:22:29] EDIT SistemaDesechos/models/db.py: 0
[2017-01-15 22:29:30] EDIT SistemaDesechos/models/db.py: 7
[2017-01-15 22:29:39] EDIT SistemaDesechos/models/db.py: 0
[2017-01-15 22:30:50] EDIT SistemaDesechos/models/db.py: 7
[2017-01-15 22:31:22] EDIT SistemaDesechos/models/db.py: 0
[2017-01-15 22:31:40] EDIT SistemaDesechos/models/db.py: 0
[2017-01-15 22:32:10] EDIT SistemaDesechos/models/db.py: 0
[2017-01-15 22:32:26] EDIT SistemaDesechos/models/db.py: 0
[2017-01-15 22:32:49] EDIT SistemaDesechos/models/db.py: 0
[2017-01-15 22:33:18] EDIT SistemaDesechos/models/db.py: 0
[2017-01-15 22:33:46] EDIT SistemaDesechos/models/db.py: 0
[2017-01-15 22:33:50] EDIT SistemaDesechos/models/db.py: 0
[2017-01-15 22:34:33] EDIT SistemaDesechos/models/db.py: 0
[2017-01-15 22:34:37] EDIT SistemaDesechos/models/db.py: 0
[2017-01-15 22:35:24] EDIT SistemaDesechos/models/db.py: 0
[2017-01-15 22:35:26] EDIT SistemaDesechos/models/db.py: 0
[2017-01-15 22:45:47] EDIT SistemaDesechos/models/db.py: 0
[2017-01-15 22:46:09] EDIT SistemaDesechos/models/db.py: 0
[2017-01-15 22:46:46] EDIT SistemaDesechos/models/db.py: 0
[2017-01-15 22:47:15] EDIT SistemaDesechos/models/db.py: 0
[2017-01-15 22:48:04] EDIT SistemaDesechos/models/db.py: 0
[2017-01-15 22:48:23] EDIT SistemaDesechos/models/db.py: 0
[2017-01-15 22:48:48] EDIT SistemaDesechos/models/db.py: 0
[2017-01-15 22:48:50] EDIT SistemaDesechos/models/db.py: 0
[2017-01-15 22:49:09] EDIT SistemaDesechos/models/db.py: 0
[2017-01-15 22:49:35] EDIT SistemaDesechos/models/db.py: 0
[2017-01-15 22:50:18] EDIT SistemaDesechos/models/db.py: -7
[2017-01-15 22:51:02] EDIT SistemaDesechos/models/db.py: 7
[2017-01-15 22:51:39] EDIT SistemaDesechos/models/db.py: 0
[2017-01-15 22:52:04] EDIT SistemaDesechos/models/db.py: 0
[2017-01-15 22:52:10] EDIT SistemaDesechos/models/db.py: -7
[2017-01-15 22:52:20] EDIT SistemaDesechos/models/db.py: 0
[2017-01-15 22:52:34] EDIT SistemaDesechos/models/db.py: 0
[2017-01-15 22:52:45] EDIT SistemaDesechos/models/db.py: 7
[2017-01-15 22:52:56] EDIT SistemaDesechos/models/db.py: 0
[2017-01-15 22:53:09] EDIT SistemaDesechos/models/db.py: 0
[2017-01-15 22:53:23] EDIT SistemaDesechos/models/db.py: 0
[2017-01-15 22:53:34] EDIT SistemaDesechos/models/db.py: 0
[2017-01-15 22:54:25] EDIT SistemaDesechos/models/db.py: 0
[2017-01-15 22:54:29] EDIT SistemaDesechos/models/db.py: 0
[2017-01-15 22:54:37] EDIT SistemaDesechos/models/db.py: 0
[2017-01-15 22:54:53] EDIT SistemaDesechos/models/db.py: 0
[2017-01-15 22:55:56] EDIT SistemaDesechos/models/db.py: 0
[2017-01-15 22:56:10] EDIT SistemaDesechos/models/db.py: 0
[2017-01-15 22:57:16] EDIT SistemaDesechos/models/db.py: 0
[2017-01-15 22:57:24] EDIT SistemaDesechos/models/db.py: 0
[2017-01-15 22:57:30] EDIT SistemaDesechos/models/db.py: 0
[2017-01-15 22:57:32] EDIT SistemaDesechos/models/db.py: 0
[2017-01-15 22:57:50] EDIT SistemaDesechos/models/db.py: 0
[2017-01-15 22:58:25] EDIT SistemaDesechos/models/db.py: 0
[2017-01-15 22:58:54] EDIT SistemaDesechos/models/db.py: 0
[2017-01-15 22:59:01] EDIT SistemaDesechos/models/db.py: 0
[2017-01-15 22:59:06] EDIT SistemaDesechos/models/db.py: 0
[2017-01-15 22:59:26] EDIT SistemaDesechos/models/db.py: 0
[2017-01-15 22:59:32] EDIT SistemaDesechos/models/db.py: 0
[2017-01-15 23:00:05] EDIT SistemaDesechos/models/db.py: 0
[2017-01-15 23:00:09] EDIT SistemaDesechos/models/db.py: 0
[2017-01-15 23:00:34] EDIT SistemaDesechos/models/db.py: -7
[2017-01-15 23:00:59] EDIT SistemaDesechos/models/db.py: 7
[2017-01-15 23:02:06] EDIT SistemaDesechos/models/db.py: -4
[2017-01-15 23:02:29] EDIT SistemaDesechos/models/db.py: 0
[2017-01-15 23:02:41] EDIT SistemaDesechos/models/db.py: 0
[2017-01-15 23:02:59] EDIT SistemaDesechos/models/db.py: 0
[2017-01-15 23:03:10] EDIT SistemaDesechos/models/db.py: -3
[2017-01-15 23:05:30] EDIT SistemaDesechos/models/db.py: 0
[2017-01-15 23:05:40] EDIT SistemaDesechos/models/db.py: 0
[2017-01-15 23:05:56] EDIT SistemaDesechos/models/db.py: 0
[2017-01-15 23:06:26] EDIT SistemaDesechos/models/db.py: 7
[2017-01-15 23:06:33] EDIT SistemaDesechos/models/db.py: -7
[2017-01-15 23:08:14] EDIT SistemaDesechos/models/db.py: 6
[2017-01-15 23:08:35] EDIT SistemaDesechos/models/db.py: -1
[2017-01-15 23:09:06] EDIT SistemaDesechos/models/db.py: 0
[2017-01-15 23:09:29] EDIT SistemaDesechos/models/db.py: 2
[2017-01-15 23:09:47] EDIT SistemaDesechos/models/db.py: 0
[2017-01-15 23:10:00] EDIT SistemaDesechos/models/db.py: 0
[2017-01-15 23:10:20] EDIT SistemaDesechos/models/db.py: 0
[2017-01-15 23:10:47] EDIT SistemaDesechos/models/db.py: -1
[2017-01-15 23:10:50] EDIT SistemaDesechos/models/db.py: 1
[2017-01-15 23:11:00] EDIT SistemaDesechos/models/db.py: 0
[2017-01-15 23:41:56] EDIT SistemaDesechos/models/db.py: -1
[2017-01-15 23:42:13] EDIT SistemaDesechos/models/db.py: 1
[2017-01-15 23:43:17] EDIT SistemaDesechos/models/db.py: 0
[2017-01-15 23:43:34] EDIT SistemaDesechos/models/db.py: 0
[2017-01-15 23:43:39] EDIT SistemaDesechos/models/db.py: 0
[2017-01-15 23:45:18] EDIT SistemaDesechos/models/db.py: 0
[2017-01-15 23:45:37] EDIT SistemaDesechos/models/db.py: 0
[2017-01-15 23:45:52] EDIT SistemaDesechos/models/db.py: 0
[2017-01-15 23:46:01] EDIT SistemaDesechos/models/db.py: 0
[2017-01-15 23:46:07] EDIT SistemaDesechos/models/db.py: 0
[2017-01-15 23:46:14] EDIT SistemaDesechos/models/db.py: 0
[2017-01-16 08:39:59] EDIT SistemaDesechos/models/db.py: 0
[2017-01-16 08:40:36] EDIT SistemaDesechos/models/db.py: 0
[2017-01-16 08:45:31] EDIT SistemaDesechos/models/db.py: 0
[2017-01-16 08:54:00] EDIT SistemaDesechos/models/db.py: 0
[2017-01-16 08:54:18] EDIT SistemaDesechos/models/db.py: 0
[2017-01-16 08:54:30] EDIT SistemaDesechos/models/db.py: 0
[2017-01-16 08:55:00] EDIT SistemaDesechos/models/db.py: 0
[2017-01-16 08:59:48] EDIT SistemaDesechos/models/db.py: 0
[2017-01-16 08:59:55] EDIT SistemaDesechos/models/db.py: 0
[2017-01-16 09:00:27] EDIT SistemaDesechos/models/db.py: 1
[2017-01-16 09:00:45] EDIT SistemaDesechos/models/db.py: 0
[2017-01-16 09:00:58] EDIT SistemaDesechos/models/db.py: 0
[2017-01-16 09:01:37] EDIT SistemaDesechos/models/db.py: 0
[2017-01-16 09:02:01] EDIT SistemaDesechos/models/db.py: 0
[2017-01-16 09:03:03] EDIT SistemaDesechos/models/db.py: 4
[2017-01-16 09:03:05] EDIT SistemaDesechos/models/db.py: 0
[2017-01-16 09:03:21] EDIT SistemaDesechos/models/db.py: -1
[2017-01-16 09:03:49] EDIT SistemaDesechos/models/db.py: 0
[2017-01-16 09:03:52] EDIT SistemaDesechos/models/db.py: 0
[2017-01-16 09:04:27] EDIT SistemaDesechos/models/db.py: 0
[2017-01-16 09:04:34] EDIT SistemaDesechos/models/db.py: 0
[2017-01-16 09:04:57] EDIT SistemaDesechos/models/db.py: 0
[2017-01-16 09:05:20] EDIT SistemaDesechos/models/db.py: 5
[2017-01-16 09:05:30] EDIT SistemaDesechos/models/db.py: 0
[2017-01-16 09:05:32] EDIT SistemaDesechos/models/db.py: -1
[2017-01-16 09:05:46] EDIT SistemaDesechos/models/db.py: 0
[2017-01-16 09:06:13] EDIT SistemaDesechos/models/db.py: 1
[2017-01-16 09:06:23] EDIT SistemaDesechos/models/db.py: 0
[2017-01-16 09:06:50] EDIT SistemaDesechos/models/db.py: -8
[2017-01-16 09:07:09] EDIT SistemaDesechos/models/db.py: 0
[2017-01-16 09:07:50] EDIT SistemaDesechos/models/db.py: 0
[2017-01-16 09:08:08] EDIT SistemaDesechos/models/db.py: 0
[2017-01-16 09:08:24] EDIT SistemaDesechos/models/db.py: -1
[2017-01-16 09:08:31] EDIT SistemaDesechos/models/db.py: 1
[2017-01-16 09:09:02] EDIT SistemaDesechos/models/db.py: 0
[2017-01-16 09:09:04] EDIT SistemaDesechos/models/db.py: 0
[2017-01-16 09:09:13] EDIT SistemaDesechos/models/db.py: 0
[2017-01-16 09:09:41] EDIT SistemaDesechos/models/db.py: 0
[2017-01-16 09:10:37] EDIT SistemaDesechos/models/db.py: 0
[2017-01-16 09:10:49] EDIT SistemaDesechos/models/db.py: 0
[2017-01-16 09:12:00] EDIT SistemaDesechos/models/db.py: 0
[2017-01-16 09:12:18] EDIT SistemaDesechos/models/db.py: 0
[2017-01-16 09:12:33] EDIT SistemaDesechos/models/db.py: 0
[2017-01-16 09:28:41] EDIT SistemaDesechos/models/db.py: 8
[2017-01-16 09:29:52] EDIT SistemaDesechos/models/db.py: 1
[2017-01-16 09:30:20] EDIT SistemaDesechos/models/db.py: 0
[2017-01-16 09:30:53] EDIT SistemaDesechos/models/db.py: -1
[2017-01-16 09:31:54] EDIT SistemaDesechos/models/db.py: 0
[2017-01-16 09:32:21] EDIT SistemaDesechos/models/db.py: 0
[2017-01-16 09:32:57] EDIT SistemaDesechos/models/db.py: 0
[2017-01-16 09:33:15] EDIT SistemaDesechos/models/db.py: 0
[2017-01-16 09:33:38] EDIT SistemaDesechos/models/db.py: 1
[2017-01-16 09:33:52] EDIT SistemaDesechos/models/db.py: 0
[2017-01-16 09:34:10] EDIT SistemaDesechos/models/db.py: -1
[2017-01-16 09:34:53] EDIT SistemaDesechos/models/db.py: 0
[2017-01-16 09:35:39] EDIT SistemaDesechos/models/db.py: 0
[2017-01-16 09:36:49] EDIT SistemaDesechos/models/db.py: 0
[2017-01-16 13:01:23] EDIT SistemaDesechos/models/db.py: 6
[2017-01-16 13:01:39] EDIT SistemaDesechos/models/db.py: 0
[2017-01-16 13:02:08] EDIT SistemaDesechos/models/db.py: 0
[2017-01-16 13:58:35] CREATE default/formulario.html: 0
[2017-01-16 13:59:04] EDIT SistemaDesechos/views/default/formulario.html: 6
[2017-01-16 14:00:31] EDIT SistemaDesechos/controllers/default.py: 3
[2017-01-16 14:01:35] EDIT SistemaDesechos/controllers/default.py: 0
[2017-01-16 14:05:31] EDIT SistemaDesechos/views/default/formulario.html: 0
[2017-01-16 14:16:48] EDIT SistemaDesechos/models/db.py: 5
[2017-01-16 14:17:45] EDIT SistemaDesechos/views/default/formulario.html: 0
[2017-01-16 14:18:10] EDIT SistemaDesechos/controllers/default.py: 0
[2017-01-17 13:11:03] EDIT SistemaDesechos/models/db_wizard.py: 1
[2017-01-17 13:11:29] EDIT SistemaDesechos/models/db_wizard.py: -1
[2017-01-17 13:46:47] EDIT SistemaDesechos/models/db_wizard.py: 0
[2017-01-24 12:33:13] EDIT SistemaDesechos/models/db_wizard.py: 0
[2017-01-24 12:33:23] EDIT SistemaDesechos/models/db_wizard.py: 0
[2017-01-24 12:34:21] EDIT SistemaDesechos/models/db_wizard.py: -2
[2017-01-24 12:37:35] EDIT SistemaDesechos/models/db_wizard.py: 0
[2017-01-24 12:38:02] EDIT SistemaDesechos/models/db_wizard.py: 0
[2017-01-24 12:38:14] EDIT SistemaDesechos/models/db_wizard.py: 0
[2017-01-24 12:38:24] EDIT SistemaDesechos/models/db_wizard.py: 0
[2017-01-24 12:38:33] EDIT SistemaDesechos/models/db_wizard.py: 0
[2017-01-24 12:38:44] EDIT SistemaDesechos/models/db_wizard.py: 0
[2017-01-24 12:38:54] EDIT SistemaDesechos/models/db_wizard.py: 0
[2017-01-24 12:41:16] EDIT SistemaDesechos/models/db_wizard.py: 0
[2017-01-24 12:41:52] EDIT SistemaDesechos/models/db_wizard.py: 0
[2017-01-24 12:48:17] EDIT SistemaDesechos/models/db_wizard.py: 0
[2017-01-24 12:48:39] EDIT SistemaDesechos/models/db_wizard.py: 0
[2017-01-24 12:49:01] EDIT SistemaDesechos/models/db_wizard.py: 0
[2017-01-24 12:49:52] EDIT SistemaDesechos/models/db_wizard.py: 0
[2017-01-24 12:50:53] EDIT SistemaDesechos/models/db_wizard.py: 0
[2017-01-24 12:51:34] EDIT SistemaDesechos/models/db_wizard.py: 0
[2017-01-24 12:51:46] EDIT SistemaDesechos/models/db_wizard.py: 0
[2017-01-24 12:52:00] EDIT SistemaDesechos/models/db_wizard.py: 0
[2017-01-24 12:52:15] EDIT SistemaDesechos/models/db_wizard.py: 0
[2017-01-24 12:52:25] EDIT SistemaDesechos/models/db_wizard.py: 0
[2017-01-24 12:52:38] EDIT SistemaDesechos/models/db_wizard.py: 0
[2017-01-24 12:52:58] EDIT SistemaDesechos/models/db_wizard.py: 0
[2017-01-24 12:53:04] EDIT SistemaDesechos/models/db_wizard.py: 0
[2017-01-24 12:54:06] EDIT SistemaDesechos/models/db_wizard.py: 0
[2017-01-26 21:02:54] CREATE front_page.py: 0
[2017-01-26 21:07:21] CREATE front_page/index.html: 0
[2017-01-26 21:07:49] EDIT SistemaDesechos/views/front_page/index.html: -1
[2017-01-26 21:07:51] EDIT SistemaDesechos/controllers/front_page.py: 1
[2017-01-26 21:07:53] EDIT SistemaDesechos/models/menu.py: -8
[2017-01-26 21:09:01] EDIT SistemaDesechos/models/menu.py: 0
[2017-01-26 21:10:54] EDIT SistemaDesechos/controllers/front_page.py: -1
[2017-01-26 21:13:41] EDIT SistemaDesechos/models/menu.py: 0
[2017-01-26 21:14:53] EDIT SistemaDesechos/models/menu.py: 0
[2017-01-26 21:24:22] EDIT SistemaDesechos/controllers/front_page.py: 2
[2017-01-26 21:25:12] EDIT SistemaDesechos/controllers/front_page.py: 0
[2017-01-26 21:28:22] EDIT SistemaDesechos/models/menu.py: 0
[2017-01-26 21:39:20] EDIT SistemaDesechos/views/front_page/index.html: 0
[2017-01-26 21:39:44] EDIT SistemaDesechos/views/front_page/index.html: 0
[2017-01-26 21:42:53] EDIT SistemaDesechos/views/front_page/index.html: 0
[2017-01-26 21:44:44] EDIT SistemaDesechos/views/front_page/index.html: 0
[2017-01-26 21:44:51] EDIT SistemaDesechos/views/front_page/index.html: 0
[2017-01-26 21:45:05] EDIT SistemaDesechos/views/front_page/index.html: 0
[2017-01-26 22:07:27] CREATE front_page/sustancias.html: 0
[2017-01-26 22:09:03] EDIT SistemaDesechos/views/front_page/index.html: 1
[2017-01-26 22:09:28] EDIT SistemaDesechos/controllers/front_page.py: 4
[2017-01-26 22:10:40] EDIT SistemaDesechos/views/front_page/sustancias.html: 1
[2017-01-26 22:11:24] CREATE front_page/desechos.html.py: 0
[2017-01-26 22:11:52] DELETE SistemaDesechos/models/front_page/desechos.html.py: 0
[2017-01-26 22:12:02] CREATE front_page/desechos.html: 0
[2017-01-26 22:12:15] EDIT SistemaDesechos/views/front_page/desechos.html: -1
[2017-01-26 22:12:48] EDIT SistemaDesechos/controllers/front_page.py: 0
[2017-01-26 22:14:22] EDIT SistemaDesechos/views/front_page/sustancias.html: 0
[2017-01-26 22:15:17] EDIT SistemaDesechos/views/front_page/sustancias.html: 0
[2017-01-26 22:16:13] EDIT SistemaDesechos/views/front_page/sustancias.html: 0
[2017-01-26 22:17:17] EDIT SistemaDesechos/views/front_page/sustancias.html: 0
[2017-01-26 22:17:41] EDIT SistemaDesechos/views/front_page/sustancias.html: 0
[2017-01-26 22:19:04] EDIT SistemaDesechos/controllers/front_page.py: 0
[2017-01-26 22:19:07] EDIT SistemaDesechos/views/front_page/index.html: 0
[2017-01-26 22:19:09] EDIT SistemaDesechos/views/front_page/sustancias.html: 0
[2017-01-26 22:19:11] EDIT SistemaDesechos/views/front_page/desechos.html: 0
[2017-01-27 08:09:10] EDIT SistemaDesechos/private/appconfig.ini: 0
[2017-01-27 08:12:38] EDIT SistemaDesechos/private/appconfig.ini: 0
[2017-01-27 08:13:12] EDIT SistemaDesechos/private/appconfig.ini: 0
[2017-01-27 08:22:02] EDIT SistemaDesechos/views/default/index.html: 0
[2017-01-27 08:52:42] EDIT SistemaDesechos/models/db_wizard.py: -3
[2017-01-27 08:53:21] EDIT SistemaDesechos/models/db_wizard.py: 0
[2017-01-27 08:53:34] EDIT SistemaDesechos/models/db_wizard.py: 0
[2017-01-27 08:54:23] EDIT SistemaDesechos/models/db_wizard.py: 0
[2017-01-27 08:55:56] EDIT SistemaDesechos/models/db_wizard.py: 0
[2017-01-27 08:56:26] EDIT SistemaDesechos/models/db_wizard.py: 3
[2017-01-27 12:40:17] EDIT SistemaDesechos/models/db_wizard.py: -2
[2017-01-27 12:45:54] EDIT SistemaDesechos/controllers/front_page.py: 0
[2017-01-27 21:39:05] EDIT SistemaDesechos/models/menu.py: 1
[2017-01-27 21:40:02] EDIT SistemaDesechos/models/menu.py: -1
[2017-01-27 21:40:41] EDIT SistemaDesechos/models/menu.py: 0
[2017-01-27 21:41:04] EDIT SistemaDesechos/models/menu.py: -1
[2017-01-27 21:41:16] EDIT SistemaDesechos/models/menu.py: 0
[2017-01-27 21:48:39] EDIT SistemaDesechos/models/menu.py: 0
[2017-01-27 21:49:50] EDIT SistemaDesechos/models/menu.py: 1
[2017-01-27 21:50:04] EDIT SistemaDesechos/models/menu.py: 0
[2017-01-27 21:50:24] EDIT SistemaDesechos/models/menu.py: 0
[2017-01-27 21:50:47] EDIT SistemaDesechos/models/menu.py: 0
[2017-01-27 21:51:05] EDIT SistemaDesechos/models/menu.py: 0
[2017-01-27 21:51:15] EDIT SistemaDesechos/models/menu.py: 0
[2017-01-27 21:51:34] EDIT SistemaDesechos/models/menu.py: 0
[2017-01-27 21:56:50] EDIT SistemaDesechos/models/menu.py: 0
[2017-01-27 22:02:56] EDIT SistemaDesechos/models/menu.py: 0
[2017-01-27 22:04:16] EDIT SistemaDesechos/models/menu.py: 0
[2017-01-27 22:07:16] EDIT SistemaDesechos/models/menu.py: 0
[2017-01-27 22:08:11] EDIT SistemaDesechos/models/menu.py: 0
[2017-01-27 22:08:34] EDIT SistemaDesechos/models/menu.py: 0
[2017-01-27 22:12:51] EDIT SistemaDesechos/models/menu.py: 0
[2017-01-27 22:13:41] EDIT SistemaDesechos/models/menu.py: 1
[2017-01-27 22:13:57] EDIT SistemaDesechos/models/menu.py: 0
[2017-01-27 23:10:25] EDIT SistemaDesechos/controllers/default.py: 1
[2017-01-27 23:11:00] EDIT SistemaDesechos/controllers/default.py: 0
[2017-01-27 23:11:38] EDIT SistemaDesechos/controllers/default.py: 0
[2017-01-27 23:12:16] EDIT SistemaDesechos/controllers/default.py: 0
[2017-01-27 23:15:06] EDIT SistemaDesechos/controllers/default.py: 0
[2017-01-27 23:16:51] EDIT SistemaDesechos/controllers/default.py: 0
[2017-01-27 23:19:47] EDIT SistemaDesechos/controllers/default.py: 0
[2017-01-27 23:20:08] EDIT SistemaDesechos/controllers/default.py: 0
[2017-01-27 23:28:27] EDIT SistemaDesechos/controllers/default.py: 0
[2017-01-27 23:32:57] EDIT SistemaDesechos/controllers/default.py: 6
[2017-01-27 23:36:50] EDIT SistemaDesechos/views/default/sustanciapeligrosa_manage.html: 14
[2017-01-27 23:37:16] EDIT SistemaDesechos/views/default/sustanciapeligrosa_manage.html: 0
[2017-01-27 23:38:24] EDIT SistemaDesechos/views/default/sustanciapeligrosa_manage.html: 0
[2017-01-27 23:38:28] EDIT SistemaDesechos/views/default/sustanciapeligrosa_manage.html: 0
[2017-01-27 23:38:33] EDIT SistemaDesechos/views/default/sustanciapeligrosa_manage.html: 0
[2017-01-27 23:39:00] EDIT SistemaDesechos/views/default/sustanciapeligrosa_manage.html: -5
[2017-01-27 23:42:15] EDIT SistemaDesechos/views/default/sustanciapeligrosa_manage.html: 9
[2017-01-27 23:42:18] EDIT SistemaDesechos/views/default/sustanciapeligrosa_manage.html: 0
[2017-01-27 23:43:40] CREATE mytable.html: 0
[2017-01-27 23:43:53] EDIT SistemaDesechos/views/mytable.html: 9
[2017-01-27 23:44:38] EDIT SistemaDesechos/views/default/sustanciapeligrosa_manage.html: -14
[2017-01-27 23:46:07] EDIT SistemaDesechos/views/default/sustanciapeligrosa_manage.html: 3
[2017-01-27 23:48:05] DELETE SistemaDesechos/views/mytable.html: -12
[2017-01-27 23:49:45] EDIT SistemaDesechos/controllers/default.py: 1
[2017-01-27 23:49:54] EDIT SistemaDesechos/controllers/default.py: 0
[2017-01-27 23:50:22] EDIT SistemaDesechos/views/default/sustanciapeligrosa_manage.html: -6
[2017-01-27 23:55:13] EDIT SistemaDesechos/models/db_wizard.py: 0
[2017-01-27 23:55:38] EDIT SistemaDesechos/models/db_wizard.py: 0
[2017-01-27 23:56:05] EDIT SistemaDesechos/models/db_wizard.py: 0
[2017-01-27 23:56:39] EDIT SistemaDesechos/models/db_wizard.py: 0
[2017-01-27 23:56:42] EDIT SistemaDesechos/models/db_wizard.py: 0
[2017-01-28 00:03:37] EDIT SistemaDesechos/views/default/sustanciapeligrosa_manage.html: 0
[2017-01-28 00:03:56] EDIT SistemaDesechos/controllers/default.py: 0
[2017-01-28 00:05:18] EDIT SistemaDesechos/models/db_wizard_populate.py: 1
[2017-01-28 00:05:50] EDIT SistemaDesechos/views/default/sustanciapeligrosa_manage.html: 0
[2017-01-28 00:10:01] EDIT SistemaDesechos/controllers/default.py: 0
[2017-01-28 00:10:15] EDIT SistemaDesechos/controllers/default.py: 0
[2017-01-28 00:11:17] EDIT SistemaDesechos/controllers/default.py: 0
[2017-01-28 00:11:44] EDIT SistemaDesechos/controllers/default.py: 0
[2017-01-28 00:12:11] EDIT SistemaDesechos/controllers/default.py: 0
[2017-01-28 00:12:24] EDIT SistemaDesechos/controllers/default.py: 0
[2017-01-28 00:12:41] EDIT SistemaDesechos/controllers/default.py: 0
[2017-01-28 00:13:25] EDIT SistemaDesechos/controllers/default.py: 0
[2017-01-28 00:13:35] EDIT SistemaDesechos/controllers/default.py: 0
[2017-01-28 00:16:01] EDIT SistemaDesechos/controllers/default.py: 0
[2017-01-28 00:16:13] EDIT SistemaDesechos/controllers/default.py: 0
[2017-01-28 00:18:13] EDIT SistemaDesechos/controllers/default.py: 0
[2017-01-28 00:18:35] EDIT SistemaDesechos/controllers/default.py: 0
[2017-01-28 00:20:12] EDIT SistemaDesechos/controllers/default.py: 0
[2017-01-28 00:21:08] EDIT SistemaDesechos/controllers/default.py: 0
[2017-01-28 00:22:04] EDIT SistemaDesechos/controllers/default.py: 0
[2017-01-28 00:22:49] EDIT SistemaDesechos/controllers/default.py: 0
[2017-01-28 00:23:04] EDIT SistemaDesechos/controllers/default.py: 0
[2017-01-28 00:23:19] EDIT SistemaDesechos/controllers/default.py: 0
[2017-01-28 00:23:30] EDIT SistemaDesechos/controllers/default.py: 0
[2017-01-28 00:23:56] EDIT SistemaDesechos/controllers/default.py: 0
[2017-01-28 00:24:19] EDIT SistemaDesechos/controllers/default.py: 0
[2017-01-28 00:24:36] EDIT SistemaDesechos/controllers/default.py: 0
[2017-01-28 00:24:45] EDIT SistemaDesechos/controllers/default.py: 0
[2017-01-28 00:45:36] EDIT SistemaDesechos/controllers/default.py: 0
[2017-01-28 00:45:41] EDIT SistemaDesechos/controllers/default.py: 0
[2017-01-28 00:45:48] EDIT SistemaDesechos/controllers/default.py: 0
[2017-01-28 00:46:55] EDIT SistemaDesechos/controllers/default.py: 0
[2017-01-28 08:59:20] EDIT SistemaDesechos/controllers/default.py: -1
[2017-01-28 09:00:04] CREATE sustancias.py: 0
[2017-01-28 09:05:15] EDIT SistemaDesechos/models/sustancias.py: 10
[2017-01-28 09:05:21] EDIT SistemaDesechos/controllers/default.py: -10
[2017-01-28 09:06:44] EDIT SistemaDesechos/views/front_page/sustancias.html: 0
[2017-01-28 09:12:05] EDIT SistemaDesechos/controllers/sustancias.py: 3
[2017-01-28 09:12:37] EDIT SistemaDesechos/controllers/sustancias.py: 0
[2017-01-28 09:13:07] EDIT SistemaDesechos/controllers/sustancias.py: 0
[2017-01-28 09:13:09] EDIT SistemaDesechos/controllers/sustancias.py: 0
[2017-01-28 09:15:05] EDIT SistemaDesechos/controllers/sustancias.py: 1
[2017-01-28 09:15:34] EDIT SistemaDesechos/controllers/sustancias.py: 0
[2017-01-28 09:17:18] EDIT SistemaDesechos/views/front_page/sustancias.html: 0
[2017-01-28 09:17:20] EDIT SistemaDesechos/views/sustancias/sustanciapeligrosa_manage.html: 0
[2017-01-28 09:17:41] EDIT SistemaDesechos/controllers/sustancias.py: -1
[2017-01-28 09:18:50] EDIT SistemaDesechos/views/sustancias/sustanciapeligrosa_manage.html: 1
[2017-01-28 09:19:35] EDIT SistemaDesechos/views/sustancias/sustanciapeligrosa_manage.html: 0
[2017-01-28 09:20:16] EDIT SistemaDesechos/views/sustancias/sustanciapeligrosa_manage.html: 0
[2017-01-28 09:20:18] EDIT SistemaDesechos/views/sustancias/sustanciapeligrosa_manage.html: 0
[2017-01-28 09:23:13] EDIT SistemaDesechos/views/sustancias/sustanciapeligrosa_manage.html: 2
[2017-01-28 10:00:43] EDIT SistemaDesechos/models/menu.py: 0
[2017-01-28 10:07:29] EDIT SistemaDesechos/controllers/sustancias.py: 4
[2017-01-28 10:07:57] EDIT SistemaDesechos/views/sustancias/sustanciapeligrosa_manage.html: 0
[2017-01-28 11:38:27] EDIT SistemaDesechos/controllers/sustancias.py: 0
[2017-01-28 11:53:15] EDIT SistemaDesechos/models/db_wizard.py: -12
[2017-01-28 12:10:42] EDIT SistemaDesechos/models/db_wizard.py: 3
[2017-01-28 12:11:07] EDIT SistemaDesechos/models/db_wizard_populate.py: 0
[2017-01-28 12:11:21] EDIT SistemaDesechos/models/db_wizard_populate.py: 2
[2017-01-28 12:12:05] EDIT SistemaDesechos/models/db_wizard.py: 6
[2017-01-28 12:12:17] EDIT SistemaDesechos/models/db_wizard.py: 0
[2017-01-28 12:12:19] EDIT SistemaDesechos/models/db_wizard.py: 0
[2017-01-28 12:13:14] EDIT SistemaDesechos/models/db_wizard_populate.py: 2
[2017-01-28 12:17:46] EDIT SistemaDesechos/models/db_wizard_populate.py: -4
[2017-01-28 12:18:17] EDIT SistemaDesechos/models/db_wizard_populate.py: 0
[2017-01-28 12:18:29] EDIT SistemaDesechos/models/db_wizard.py: -3
[2017-01-28 12:18:56] EDIT SistemaDesechos/models/db_wizard.py: 0
[2017-01-28 12:19:10] EDIT SistemaDesechos/models/db_wizard.py: 3
[2017-01-28 12:19:41] EDIT SistemaDesechos/models/db_wizard_populate.py: 2
[2017-01-28 12:19:46] EDIT SistemaDesechos/models/db_wizard_populate.py: 0
[2017-01-28 12:22:03] EDIT SistemaDesechos/models/db_wizard_populate.py: -7
[2017-01-28 12:22:58] EDIT SistemaDesechos/controllers/default.py: -3
[2017-01-28 12:24:15] EDIT SistemaDesechos/models/db_wizard.py: 0
[2017-01-28 12:24:57] EDIT SistemaDesechos/models/db_wizard.py: 0
[2017-01-28 13:33:27] EDIT SistemaDesechos/models/db_wizard.py: -9
[2017-01-28 13:33:42] EDIT SistemaDesechos/models/db_wizard.py: -7
[2017-01-28 13:34:07] EDIT SistemaDesechos/models/db_wizard.py: -12
[2017-01-28 13:34:22] EDIT SistemaDesechos/models/db_wizard.py: -6
[2017-01-28 13:34:34] EDIT SistemaDesechos/models/db_wizard.py: -6
[2017-01-28 14:18:17] EDIT SistemaDesechos/models/db_wizard.py: 5
[2017-01-28 14:18:55] EDIT SistemaDesechos/models/db_wizard.py: 0
[2017-01-28 14:19:25] EDIT SistemaDesechos/models/db_wizard.py: 0
[2017-01-28 14:22:28] EDIT SistemaDesechos/models/db_wizard.py: 8
[2017-01-28 14:25:13] EDIT SistemaDesechos/models/db_wizard.py: 0
[2017-01-28 15:42:58] EDIT SistemaDesechos/models/db_wizard.py: 0
[2017-01-28 15:43:22] EDIT SistemaDesechos/models/db_wizard.py: 0
[2017-01-28 16:05:41] EDIT SistemaDesechos/models/db_wizard.py: 0
[2017-01-28 16:11:52] EDIT SistemaDesechos/models/db_wizard.py: -1
[2017-01-28 16:15:34] EDIT SistemaDesechos/controllers/sustancias.py: 0
[2017-01-28 16:16:17] EDIT SistemaDesechos/views/front_page/sustancias.html: 0
[2017-01-28 16:16:43] EDIT SistemaDesechos/views/front_page/sustancias.html: 0
[2017-02-08 18:47:57] CREATE gestion.py: 0
[2017-02-10 20:54:15] DELETE SIGULAB/views/gestion/users.html: -2
[2017-02-15 01:35:23] DELETE SIGULAB/views/plugin_layouts/layouts/KeepitSimple.html: -55
[2017-03-10 12:02:37] EDIT SIGULAB/models/db.py: 1
[2017-03-10 12:58:13] EDIT SIGULAB/views/sustancias/inventario_manage.html: 1
[2017-03-10 12:59:29] EDIT SIGULAB/views/sustancias/inventario_manage.html: 2
[2017-03-10 13:00:01] EDIT SIGULAB/views/sustancias/inventario_manage.html: 0
[2017-03-10 13:00:11] EDIT SIGULAB/views/sustancias/inventario_manage.html: 0
[2017-03-10 13:02:58] EDIT SIGULAB/views/sustancias/sustanciapeligrosa_manage.html: 3
[2017-03-10 13:03:38] EDIT SIGULAB/views/sustancias/sustanciapeligrosa_manage.html: -3
[2017-03-10 13:03:57] EDIT SIGULAB/views/sustancias/view_bitacora.html: 3
[2017-03-10 13:08:52] EDIT SIGULAB/models/db_tablas.py: -1
[2017-03-10 13:09:44] EDIT SIGULAB/models/db_tablas.py: -3
[2017-03-10 13:16:04] EDIT SIGULAB/models/menu.py: 0
[2017-03-10 13:17:33] EDIT SIGULAB/views/sustancias/select_inventario.html: 0
[2017-03-10 13:18:17] EDIT SIGULAB/views/sustancias/select_inventario.html: 0
[2017-03-10 13:19:07] EDIT SIGULAB/controllers/gestion.py: 0
[2017-03-10 13:20:04] EDIT SIGULAB/models/db_tablas.py: 4
[2017-03-10 13:23:34] EDIT SIGULAB/views/default/login.html: 0
[2017-03-10 13:23:43] EDIT SIGULAB/views/default/login.html: 0
[2017-03-10 13:24:21] EDIT SIGULAB/views/default/register.html: 0
[2017-03-10 13:24:52] EDIT SIGULAB/views/default/reset.html: 0
[2017-03-10 13:29:03] EDIT SIGULAB/views/default/login.html: 0
[2017-03-10 13:30:16] EDIT SIGULAB/views/default/login.html: 0
[2017-03-10 13:30:23] EDIT SIGULAB/views/default/login.html: 0
[2017-03-10 13:30:59] EDIT SIGULAB/views/default/login.html: 0
[2017-03-10 13:31:13] EDIT SIGULAB/views/default/login.html: 0
[2017-03-10 13:33:23] EDIT SIGULAB/views/default/login.html: 0
[2017-03-11 12:13:24] EDIT SistemaDesechos/private/appconfig.ini: 0
[2017-03-11 12:13:46] EDIT SistemaDesechos/models/db.py: -3
[2017-03-11 12:14:21] EDIT SistemaDesechos/models/db.py: 0
