timestamp: 2017-02-12T17:27:37.753157
CREATE TABLE auth_user(
    id SERIAL PRIMARY KEY,
    first_name VARCHAR(128),
    last_name VARCHAR(128),
    email VARCHAR(512),
    password VARCHAR(512),
    registration_key VARCHAR(512),
    reset_password_key VARCHAR(512),
    registration_id VARCHAR(512),
    autorizado VARCHAR(512),
    cargo VARCHAR(512)
);
timestamp: 2017-02-12T17:30:25.445206
CREATE TABLE auth_user(
    id SERIAL PRIMARY KEY,
    first_name VARCHAR(128),
    last_name VARCHAR(128),
    email VARCHAR(512),
    password VARCHAR(512),
    registration_key VARCHAR(512),
    reset_password_key VARCHAR(512),
    registration_id VARCHAR(512),
    autorizado VARCHAR(512),
    cargo VARCHAR(512)
);
success!
timestamp: 2017-02-12T17:30:25.476877
CREATE TABLE auth_group(
    id SERIAL PRIMARY KEY,
    role VARCHAR(512),
    description TEXT
);
success!
timestamp: 2017-02-12T17:30:25.498023
CREATE TABLE auth_membership(
    id SERIAL PRIMARY KEY,
    user_id INTEGER REFERENCES auth_user (id) ON DELETE CASCADE  ,
    group_id INTEGER REFERENCES auth_group (id) ON DELETE CASCADE  
);
success!
timestamp: 2017-02-12T17:30:25.517411
CREATE TABLE auth_permission(
    id SERIAL PRIMARY KEY,
    group_id INTEGER REFERENCES auth_group (id) ON DELETE CASCADE  ,
    name VARCHAR(512),
    table_name VARCHAR(512),
    record_id INTEGER
);
success!
timestamp: 2017-02-12T17:30:25.538702
CREATE TABLE auth_event(
    id SERIAL PRIMARY KEY,
    time_stamp TIMESTAMP,
    client_ip VARCHAR(512),
    user_id INTEGER REFERENCES auth_user (id) ON DELETE CASCADE  ,
    origin VARCHAR(512),
    description TEXT
);
success!
timestamp: 2017-02-12T17:30:25.561273
CREATE TABLE auth_cas(
    id SERIAL PRIMARY KEY,
    user_id INTEGER REFERENCES auth_user (id) ON DELETE CASCADE  ,
    created_on TIMESTAMP,
    service VARCHAR(512),
    ticket VARCHAR(512),
    renew CHAR(1)
);
success!
timestamp: 2017-02-12T17:30:25.616637
CREATE TABLE table_solicitud(
    id SERIAL PRIMARY KEY,
    f_sustancia VARCHAR(512),
    f_espaciofisico VARCHAR(512),
    f_seccion VARCHAR(512),
    f_responsable VARCHAR(512),
    f_solicitador VARCHAR(512),
    f_cantidadsolicitada VARCHAR(512),
    f_estado VARCHAR(512),
    f_solicitud VARCHAR(512),
    f_respuesta VARCHAR(512)
);
success!
timestamp: 2017-02-12T17:30:25.639823
CREATE TABLE table_solicitud_archive(
    id SERIAL PRIMARY KEY,
    f_sustancia VARCHAR(512),
    f_espaciofisico VARCHAR(512),
    f_seccion VARCHAR(512),
    f_responsable VARCHAR(512),
    f_solicitador VARCHAR(512),
    f_cantidadsolicitada VARCHAR(512),
    f_estado VARCHAR(512),
    f_solicitud VARCHAR(512),
    f_respuesta VARCHAR(512),
    current_record INTEGER REFERENCES table_solicitud (id) ON DELETE CASCADE  
);
success!
timestamp: 2017-02-12T17:30:25.737262
CREATE TABLE t_users_autorizados(
    id SERIAL PRIMARY KEY,
    f_email VARCHAR(512),
    f_group INTEGER
);
success!
timestamp: 2017-02-12T17:30:25.753156
CREATE TABLE t_users_pendientes(
    id SERIAL PRIMARY KEY,
    f_email VARCHAR(512),
    f_group INTEGER
);
success!
timestamp: 2017-02-12T17:30:25.774454
CREATE TABLE t_regimenes(
    id SERIAL PRIMARY KEY,
    f_nombre VARCHAR(512)
);
success!
timestamp: 2017-02-12T17:30:25.803813
CREATE TABLE t_ingresos(
    id SERIAL PRIMARY KEY,
    f_nombre VARCHAR(512)
);
success!
timestamp: 2017-02-12T17:30:25.829428
CREATE TABLE t_consumos(
    id SERIAL PRIMARY KEY,
    f_nombre VARCHAR(512)
);
success!
timestamp: 2017-02-12T17:30:25.862611
CREATE TABLE t_materiales(
    id SERIAL PRIMARY KEY,
    f_nombre VARCHAR(512),
    f_cas VARCHAR(512)
);
success!
timestamp: 2017-02-12T17:30:25.881300
CREATE TABLE t_estado(
    id SERIAL PRIMARY KEY,
    f_estado VARCHAR(512)
);
success!
timestamp: 2017-02-12T17:30:25.917400
CREATE TABLE t_sustancias(
    id SERIAL PRIMARY KEY,
    f_nombre VARCHAR(512),
    f_cas VARCHAR(512),
    f_pureza INTEGER,
    f_estado INTEGER,
    f_control INTEGER,
    f_peligrosidad VARCHAR(512)
);
success!
timestamp: 2017-02-12T17:30:25.951426
CREATE TABLE t_sustancias_archive(
    id SERIAL PRIMARY KEY,
    f_nombre VARCHAR(512),
    f_cas VARCHAR(512),
    f_pureza INTEGER,
    f_estado INTEGER,
    f_control INTEGER,
    f_peligrosidad VARCHAR(512),
    current_record INTEGER REFERENCES t_sustancias (id) ON DELETE CASCADE  
);
success!
timestamp: 2017-02-12T17:30:25.975262
CREATE TABLE t_laboratorio(
    id SERIAL PRIMARY KEY,
    f_nombre VARCHAR(512) NOT NULL,
    f_jefe INTEGER
);
success!
timestamp: 2017-02-12T17:30:25.998333
CREATE TABLE t_laboratorio_archive(
    id SERIAL PRIMARY KEY,
    f_nombre VARCHAR(512) NOT NULL,
    f_jefe INTEGER,
    current_record INTEGER REFERENCES t_laboratorio (id) ON DELETE CASCADE  
);
success!
timestamp: 2017-02-12T17:30:26.024017
CREATE TABLE t_seccion(
    id SERIAL PRIMARY KEY,
    f_seccion VARCHAR(512),
    f_laboratorio VARCHAR(512),
    f_jefe INTEGER
);
success!
timestamp: 2017-02-12T17:30:26.044376
CREATE TABLE t_espaciofisico(
    id SERIAL PRIMARY KEY,
    f_espacio VARCHAR(512),
    f_direccion VARCHAR(512),
    f_seccion INTEGER,
    f_tecnico INTEGER
);
success!
timestamp: 2017-02-12T17:30:26.067858
CREATE TABLE t_inventario(
    id SERIAL PRIMARY KEY,
    f_sustancia INTEGER,
    f_espaciofisico INTEGER,
    f_cantidadonacion FLOAT,
    f_cantidadusointerno FLOAT,
    f_total FLOAT,
    f_seccion INTEGER,
    f_laboratorio VARCHAR(512)
);
success!
timestamp: 2017-02-12T17:30:26.085775
CREATE TABLE t_inventario_archive(
    id SERIAL PRIMARY KEY,
    f_sustancia INTEGER,
    f_espaciofisico INTEGER,
    f_cantidadonacion FLOAT,
    f_cantidadusointerno FLOAT,
    f_total FLOAT,
    f_seccion INTEGER,
    f_laboratorio VARCHAR(512),
    current_record INTEGER REFERENCES t_inventario (id) ON DELETE CASCADE  
);
success!
timestamp: 2017-02-12T17:30:26.110740
CREATE TABLE t_bitacora(
    id SERIAL PRIMARY KEY,
    f_fechaingreso TIMESTAMP,
    f_sustancia INTEGER NOT NULL,
    f_proceso VARCHAR(512) NOT NULL,
    f_ingreso FLOAT,
    f_consumo FLOAT,
    f_cantidad FLOAT,
    f_fecha TIMESTAMP,
    f_espaciofisico INTEGER NOT NULL,
    f_descripcion TEXT
);
success!
timestamp: 2017-02-12T17:30:26.132218
CREATE TABLE t_bitacora_archive(
    id SERIAL PRIMARY KEY,
    f_fechaingreso TIMESTAMP,
    f_sustancia INTEGER NOT NULL,
    f_proceso VARCHAR(512) NOT NULL,
    f_ingreso FLOAT,
    f_consumo FLOAT,
    f_cantidad FLOAT,
    f_fecha TIMESTAMP,
    f_espaciofisico INTEGER NOT NULL,
    f_descripcion TEXT,
    current_record INTEGER REFERENCES t_bitacora (id) ON DELETE CASCADE  
);
success!
timestamp: 2017-02-12T17:30:26.156541
CREATE TABLE t_solicitud(
    id SERIAL PRIMARY KEY,
    f_sustancia VARCHAR(512),
    f_espaciofisico VARCHAR(512),
    f_seccion VARCHAR(512),
    f_responsable VARCHAR(512),
    f_solicitador VARCHAR(512),
    f_cantidadsolicitada VARCHAR(512),
    f_estado VARCHAR(512)
);
success!
timestamp: 2017-02-12T17:30:26.178135
CREATE TABLE t_solicitud_archive(
    id SERIAL PRIMARY KEY,
    f_sustancia VARCHAR(512),
    f_espaciofisico VARCHAR(512),
    f_seccion VARCHAR(512),
    f_responsable VARCHAR(512),
    f_solicitador VARCHAR(512),
    f_cantidadsolicitada VARCHAR(512),
    f_estado VARCHAR(512),
    current_record INTEGER REFERENCES t_solicitud (id) ON DELETE CASCADE  
);
success!
timestamp: 2017-02-12T17:37:16.604559
ALTER TABLE auth_user ADD f_laboratorio VARCHAR(512);
timestamp: 2017-02-12T17:37:16.608337
ALTER TABLE auth_user ADD f_seccion VARCHAR(512);
timestamp: 2017-02-12T17:37:16.610495
ALTER TABLE auth_user ADD f_espaciofisico VARCHAR(512);
success!
timestamp: 2017-02-12T17:45:14.896093
ALTER TABLE auth_user DROP COLUMN f_laboratorio;
timestamp: 2017-02-12T17:45:14.898539
ALTER TABLE auth_user DROP COLUMN f_seccion;
timestamp: 2017-02-12T17:45:14.900173
ALTER TABLE auth_user DROP COLUMN f_espaciofisico;
success!
timestamp: 2017-02-12T17:51:02.006931
CREATE TABLE t_users_pendientes_archive(
    current_record INTEGER REFERENCES t_users_pendientes (id) ON DELETE CASCADE  ,
    id SERIAL PRIMARY KEY,
    f_email VARCHAR(512),
    f_group INTEGER
);
success!
